{"C:\\Users\\kaush\\Desktop\\TaskVault\\server\\app.js": {"path":"C:\\Users\\kaush\\Desktop\\TaskVault\\server\\app.js","statementMap":{"0":{"start":{"line":2,"column":16},"end":{"line":2,"column":34}},"1":{"start":{"line":3,"column":15},"end":{"line":3,"column":32}},"2":{"start":{"line":4,"column":19},"end":{"line":4,"column":49}},"3":{"start":{"line":5,"column":13},"end":{"line":5,"column":28}},"4":{"start":{"line":6,"column":18},"end":{"line":6,"column":47}},"5":{"start":{"line":8,"column":0},"end":{"line":8,"column":16}},"6":{"start":{"line":9,"column":12},"end":{"line":9,"column":21}},"7":{"start":{"line":11,"column":0},"end":{"line":11,"column":16}},"8":{"start":{"line":12,"column":0},"end":{"line":12,"column":24}},"9":{"start":{"line":13,"column":0},"end":{"line":13,"column":48}},"10":{"start":{"line":15,"column":16},"end":{"line":19,"column":2}},"11":{"start":{"line":21,"column":0},"end":{"line":21,"column":25}},"12":{"start":{"line":23,"column":0},"end":{"line":25,"column":3}},"13":{"start":{"line":24,"column":2},"end":{"line":24,"column":49}},"14":{"start":{"line":27,"column":0},"end":{"line":27,"column":34}},"15":{"start":{"line":29,"column":0},"end":{"line":29,"column":21}}},"fnMap":{"0":{"name":"(anonymous_0)","decl":{"start":{"line":23,"column":13},"end":{"line":23,"column":14}},"loc":{"start":{"line":23,"column":27},"end":{"line":25,"column":1}},"line":23}},"branchMap":{},"s":{"0":2,"1":2,"2":2,"3":2,"4":2,"5":2,"6":2,"7":2,"8":2,"9":2,"10":2,"11":2,"12":2,"13":0,"14":2,"15":2},"f":{"0":0},"b":{},"_coverageSchema":"1a1c01bbd47fc00a2c39e90264f33305004495a9","hash":"5f092dc84d58bb542196c2373bc04ffea23560e5"}
,"C:\\Users\\kaush\\Desktop\\TaskVault\\server\\config\\config.js": {"path":"C:\\Users\\kaush\\Desktop\\TaskVault\\server\\config\\config.js","statementMap":{"0":{"start":{"line":1,"column":17},"end":{"line":1,"column":36}},"1":{"start":{"line":3,"column":0},"end":{"line":11,"column":2}},"2":{"start":{"line":4,"column":2},"end":{"line":10,"column":3}},"3":{"start":{"line":5,"column":4},"end":{"line":5,"column":65}},"4":{"start":{"line":6,"column":4},"end":{"line":6,"column":37}},"5":{"start":{"line":8,"column":4},"end":{"line":8,"column":54}},"6":{"start":{"line":9,"column":4},"end":{"line":9,"column":20}}},"fnMap":{"0":{"name":"(anonymous_0)","decl":{"start":{"line":3,"column":20},"end":{"line":3,"column":21}},"loc":{"start":{"line":3,"column":32},"end":{"line":11,"column":1}},"line":3},"1":{"name":"(anonymous_1)","decl":{"start":{"line":5,"column":55},"end":{"line":5,"column":56}},"loc":{"start":{"line":5,"column":61},"end":{"line":5,"column":63}},"line":5}},"branchMap":{},"s":{"0":1,"1":1,"2":1,"3":1,"4":1,"5":0,"6":0},"f":{"0":1,"1":1},"b":{},"_coverageSchema":"1a1c01bbd47fc00a2c39e90264f33305004495a9","hash":"7f0c712ee1097c4cfea5e5f2d93a566940ab628a"}
,"C:\\Users\\kaush\\Desktop\\TaskVault\\server\\controllers\\task.controller.js": {"path":"C:\\Users\\kaush\\Desktop\\TaskVault\\server\\controllers\\task.controller.js","statementMap":{"0":{"start":{"line":1,"column":12},"end":{"line":1,"column":26}},"1":{"start":{"line":2,"column":13},"end":{"line":2,"column":44}},"2":{"start":{"line":4,"column":19},"end":{"line":21,"column":2}},"3":{"start":{"line":23,"column":0},"end":{"line":31,"column":2}},"4":{"start":{"line":24,"column":2},"end":{"line":30,"column":3}},"5":{"start":{"line":25,"column":18},"end":{"line":25,"column":59}},"6":{"start":{"line":26,"column":4},"end":{"line":26,"column":20}},"7":{"start":{"line":28,"column":4},"end":{"line":28,"column":23}},"8":{"start":{"line":29,"column":4},"end":{"line":29,"column":54}},"9":{"start":{"line":33,"column":0},"end":{"line":41,"column":2}},"10":{"start":{"line":34,"column":2},"end":{"line":40,"column":3}},"11":{"start":{"line":35,"column":17},"end":{"line":35,"column":51}},"12":{"start":{"line":36,"column":4},"end":{"line":36,"column":74}},"13":{"start":{"line":36,"column":15},"end":{"line":36,"column":74}},"14":{"start":{"line":37,"column":4},"end":{"line":37,"column":19}},"15":{"start":{"line":39,"column":4},"end":{"line":39,"column":54}},"16":{"start":{"line":43,"column":0},"end":{"line":58,"column":2}},"17":{"start":{"line":44,"column":2},"end":{"line":57,"column":3}},"18":{"start":{"line":45,"column":17},"end":{"line":45,"column":25}},"19":{"start":{"line":46,"column":4},"end":{"line":48,"column":5}},"20":{"start":{"line":47,"column":6},"end":{"line":47,"column":72}},"21":{"start":{"line":49,"column":29},"end":{"line":49,"column":54}},"22":{"start":{"line":51,"column":4},"end":{"line":52,"column":73}},"23":{"start":{"line":52,"column":6},"end":{"line":52,"column":73}},"24":{"start":{"line":53,"column":17},"end":{"line":53,"column":41}},"25":{"start":{"line":54,"column":4},"end":{"line":54,"column":31}},"26":{"start":{"line":56,"column":4},"end":{"line":56,"column":54}},"27":{"start":{"line":60,"column":0},"end":{"line":75,"column":2}},"28":{"start":{"line":61,"column":2},"end":{"line":74,"column":3}},"29":{"start":{"line":62,"column":29},"end":{"line":62,"column":58}},"30":{"start":{"line":63,"column":4},"end":{"line":64,"column":73}},"31":{"start":{"line":64,"column":6},"end":{"line":64,"column":73}},"32":{"start":{"line":66,"column":17},"end":{"line":68,"column":6}},"33":{"start":{"line":69,"column":4},"end":{"line":69,"column":74}},"34":{"start":{"line":69,"column":15},"end":{"line":69,"column":74}},"35":{"start":{"line":71,"column":4},"end":{"line":71,"column":19}},"36":{"start":{"line":73,"column":4},"end":{"line":73,"column":54}},"37":{"start":{"line":77,"column":0},"end":{"line":88,"column":2}},"38":{"start":{"line":78,"column":2},"end":{"line":87,"column":3}},"39":{"start":{"line":79,"column":4},"end":{"line":81,"column":5}},"40":{"start":{"line":80,"column":6},"end":{"line":80,"column":70}},"41":{"start":{"line":82,"column":17},"end":{"line":82,"column":60}},"42":{"start":{"line":83,"column":4},"end":{"line":83,"column":74}},"43":{"start":{"line":83,"column":15},"end":{"line":83,"column":74}},"44":{"start":{"line":84,"column":4},"end":{"line":84,"column":27}},"45":{"start":{"line":86,"column":4},"end":{"line":86,"column":54}}},"fnMap":{"0":{"name":"(anonymous_0)","decl":{"start":{"line":23,"column":22},"end":{"line":23,"column":23}},"loc":{"start":{"line":23,"column":42},"end":{"line":31,"column":1}},"line":23},"1":{"name":"(anonymous_1)","decl":{"start":{"line":33,"column":22},"end":{"line":33,"column":23}},"loc":{"start":{"line":33,"column":42},"end":{"line":41,"column":1}},"line":33},"2":{"name":"(anonymous_2)","decl":{"start":{"line":43,"column":21},"end":{"line":43,"column":22}},"loc":{"start":{"line":43,"column":41},"end":{"line":58,"column":1}},"line":43},"3":{"name":"(anonymous_3)","decl":{"start":{"line":60,"column":21},"end":{"line":60,"column":22}},"loc":{"start":{"line":60,"column":41},"end":{"line":75,"column":1}},"line":60},"4":{"name":"(anonymous_4)","decl":{"start":{"line":77,"column":21},"end":{"line":77,"column":22}},"loc":{"start":{"line":77,"column":41},"end":{"line":88,"column":1}},"line":77}},"branchMap":{"0":{"loc":{"start":{"line":36,"column":4},"end":{"line":36,"column":74}},"type":"if","locations":[{"start":{"line":36,"column":4},"end":{"line":36,"column":74}},{"start":{},"end":{}}],"line":36},"1":{"loc":{"start":{"line":46,"column":4},"end":{"line":48,"column":5}},"type":"if","locations":[{"start":{"line":46,"column":4},"end":{"line":48,"column":5}},{"start":{},"end":{}}],"line":46},"2":{"loc":{"start":{"line":51,"column":4},"end":{"line":52,"column":73}},"type":"if","locations":[{"start":{"line":51,"column":4},"end":{"line":52,"column":73}},{"start":{},"end":{}}],"line":51},"3":{"loc":{"start":{"line":63,"column":4},"end":{"line":64,"column":73}},"type":"if","locations":[{"start":{"line":63,"column":4},"end":{"line":64,"column":73}},{"start":{},"end":{}}],"line":63},"4":{"loc":{"start":{"line":69,"column":4},"end":{"line":69,"column":74}},"type":"if","locations":[{"start":{"line":69,"column":4},"end":{"line":69,"column":74}},{"start":{},"end":{}}],"line":69},"5":{"loc":{"start":{"line":79,"column":4},"end":{"line":81,"column":5}},"type":"if","locations":[{"start":{"line":79,"column":4},"end":{"line":81,"column":5}},{"start":{},"end":{}}],"line":79},"6":{"loc":{"start":{"line":83,"column":4},"end":{"line":83,"column":74}},"type":"if","locations":[{"start":{"line":83,"column":4},"end":{"line":83,"column":74}},{"start":{},"end":{}}],"line":83}},"s":{"0":3,"1":3,"2":3,"3":3,"4":1,"5":1,"6":1,"7":0,"8":0,"9":3,"10":1,"11":1,"12":1,"13":0,"14":1,"15":0,"16":3,"17":2,"18":2,"19":2,"20":0,"21":2,"22":2,"23":0,"24":2,"25":2,"26":0,"27":3,"28":0,"29":0,"30":0,"31":0,"32":0,"33":0,"34":0,"35":0,"36":0,"37":3,"38":0,"39":0,"40":0,"41":0,"42":0,"43":0,"44":0,"45":0},"f":{"0":1,"1":1,"2":2,"3":0,"4":0},"b":{"0":[0,1],"1":[0,2],"2":[0,2],"3":[0,0],"4":[0,0],"5":[0,0],"6":[0,0]},"_coverageSchema":"1a1c01bbd47fc00a2c39e90264f33305004495a9","hash":"3bc663b083a2b1990e6b208c24627423436c3bd1"}
,"C:\\Users\\kaush\\Desktop\\TaskVault\\server\\models\\task.model.js": {"path":"C:\\Users\\kaush\\Desktop\\TaskVault\\server\\models\\task.model.js","statementMap":{"0":{"start":{"line":1,"column":17},"end":{"line":1,"column":36}},"1":{"start":{"line":3,"column":19},"end":{"line":12,"column":1}},"2":{"start":{"line":14,"column":0},"end":{"line":14,"column":52}}},"fnMap":{},"branchMap":{},"s":{"0":3,"1":3,"2":3},"f":{},"b":{},"_coverageSchema":"1a1c01bbd47fc00a2c39e90264f33305004495a9","hash":"4e1e2d238ae3289ba4eca777ad0b881b480e33d9"}
,"C:\\Users\\kaush\\Desktop\\TaskVault\\server\\routes\\task.route.js": {"path":"C:\\Users\\kaush\\Desktop\\TaskVault\\server\\routes\\task.route.js","statementMap":{"0":{"start":{"line":1,"column":16},"end":{"line":1,"column":34}},"1":{"start":{"line":8,"column":4},"end":{"line":8,"column":45}},"2":{"start":{"line":10,"column":15},"end":{"line":10,"column":31}},"3":{"start":{"line":12,"column":0},"end":{"line":12,"column":29}},"4":{"start":{"line":13,"column":0},"end":{"line":13,"column":32}},"5":{"start":{"line":14,"column":0},"end":{"line":14,"column":29}},"6":{"start":{"line":15,"column":0},"end":{"line":15,"column":31}},"7":{"start":{"line":16,"column":0},"end":{"line":16,"column":34}},"8":{"start":{"line":18,"column":0},"end":{"line":18,"column":24}}},"fnMap":{},"branchMap":{},"s":{"0":2,"1":2,"2":2,"3":2,"4":2,"5":2,"6":2,"7":2,"8":2},"f":{},"b":{},"_coverageSchema":"1a1c01bbd47fc00a2c39e90264f33305004495a9","hash":"e72ec60f04ef55670a1aaa74b0a278863a66813b"}
}
