TN:
SF:app.js
FN:23,(anonymous_0)
FNF:1
FNH:0
FNDA:0,(anonymous_0)
DA:2,2
DA:3,2
DA:4,2
DA:5,2
DA:6,2
DA:8,2
DA:9,2
DA:11,2
DA:12,2
DA:13,2
DA:15,2
DA:21,2
DA:23,2
DA:24,0
DA:27,2
DA:29,2
LF:16
LH:15
BRF:0
BRH:0
end_of_record
TN:
SF:config\config.js
FN:3,(anonymous_0)
FN:5,(anonymous_1)
FNF:2
FNH:2
FNDA:1,(anonymous_0)
FNDA:1,(anonymous_1)
DA:1,1
DA:3,1
DA:4,1
DA:5,1
DA:6,1
DA:8,0
DA:9,0
LF:7
LH:5
BRF:0
BRH:0
end_of_record
TN:
SF:controllers\task.controller.js
FN:23,(anonymous_0)
FN:33,(anonymous_1)
FN:43,(anonymous_2)
FN:60,(anonymous_3)
FN:77,(anonymous_4)
FNF:5
FNH:3
FNDA:1,(anonymous_0)
FNDA:1,(anonymous_1)
FNDA:2,(anonymous_2)
FNDA:0,(anonymous_3)
FNDA:0,(anonymous_4)
DA:1,3
DA:2,3
DA:4,3
DA:23,3
DA:24,1
DA:25,1
DA:26,1
DA:28,0
DA:29,0
DA:33,3
DA:34,1
DA:35,1
DA:36,1
DA:37,1
DA:39,0
DA:43,3
DA:44,2
DA:45,2
DA:46,2
DA:47,0
DA:49,2
DA:51,2
DA:52,0
DA:53,2
DA:54,2
DA:56,0
DA:60,3
DA:61,0
DA:62,0
DA:63,0
DA:64,0
DA:66,0
DA:69,0
DA:71,0
DA:73,0
DA:77,3
DA:78,0
DA:79,0
DA:80,0
DA:82,0
DA:83,0
DA:84,0
DA:86,0
LF:43
LH:22
BRDA:36,0,0,0
BRDA:36,0,1,1
BRDA:46,1,0,0
BRDA:46,1,1,2
BRDA:51,2,0,0
BRDA:51,2,1,2
BRDA:63,3,0,0
BRDA:63,3,1,0
BRDA:69,4,0,0
BRDA:69,4,1,0
BRDA:79,5,0,0
BRDA:79,5,1,0
BRDA:83,6,0,0
BRDA:83,6,1,0
BRF:14
BRH:3
end_of_record
TN:
SF:models\task.model.js
FNF:0
FNH:0
DA:1,3
DA:3,3
DA:14,3
LF:3
LH:3
BRF:0
BRH:0
end_of_record
TN:
SF:routes\task.route.js
FNF:0
FNH:0
DA:1,2
DA:8,2
DA:10,2
DA:12,2
DA:13,2
DA:14,2
DA:15,2
DA:16,2
DA:18,2
LF:9
LH:9
BRF:0
BRH:0
end_of_record
